This is e-TeX, Version 3.14159-2.1 (Web2C 7.4.5) (format=latex 2006.6.27)  28 JUN 2006 09:53
entering extended mode
**struktex.dtx
(./struktex.dtx
LaTeX2e <2001/06/01>
Babel <v3.7h> and hyphenation patterns for american, french, german, ngerman, b
ahasa, basque, catalan, croatian, czech, danish, dutch, finnish, greek, iceland
ic, irish, italian, latin, magyar, norsk, norsk, portuges, romanian, russian, s
lovak, slovene, spanish, swedish, turkish, ukrainian, nohyphenation, loaded.
(/usr/share/texmf/tex/latex/base/ltxdoc.cls
Document Class: ltxdoc 1999/08/08 v2.0u Standard LaTeX documentation class
*************************************
* Local config file ltxdoc.cfg used
*************************************
(/usr/share/texmf/tex/latex/config/ltxdoc.cfg
File: ltxdoc.cfg 2001/06/05 v1.0 teTeX: LaTeX documentation setup
)
(/usr/share/texmf/tex/latex/base/article.cls
Document Class: article 2001/04/21 v1.4e Standard LaTeX document class
(/usr/share/texmf/tex/latex/base/size10.clo
File: size10.clo 2001/04/21 v1.4e Standard LaTeX file (size option)
)
\c@part=\count79
\c@section=\count80
\c@subsection=\count81
\c@subsubsection=\count82
\c@paragraph=\count83
\c@subparagraph=\count84
\c@figure=\count85
\c@table=\count86
\abovecaptionskip=\skip41
\belowcaptionskip=\skip42
\bibindent=\dimen102
)
(/usr/share/texmf/tex/latex/base/doc.sty
Package: doc 2001/05/16 v2.0n Standard LaTeX documentation package (FMi)
\c@StandardModuleDepth=\count87
\guard@level=\count88
\MacrocodeTopsep=\skip43
\MacroIndent=\dimen103
\macro@cnt=\count89
\MacroTopsep=\skip44
\index@excludelist=\toks14

(/usr/share/texmf/tex/latex/tools/multicol.sty
Package: multicol 2000/07/10 v1.5z multicolumn formatting (FMi)
\c@tracingmulticols=\count90
\mult@box=\box26
\multicol@leftmargin=\dimen104
\c@unbalance=\count91
\c@collectmore=\count92
\doublecol@number=\count93
\multicoltolerance=\count94
\multicolpretolerance=\count95
\full@width=\dimen105
\page@free=\dimen106
\premulticols=\dimen107
\postmulticols=\dimen108
\multicolsep=\skip45
\multicolbaselineskip=\skip46
\partial@page=\box27
\last@line=\box28
\mult@rightbox=\box29
\mult@grightbox=\box30
\mult@gfirstbox=\box31
\mult@firstbox=\box32
\@tempa=\box33
\@tempa=\box34
\@tempa=\box35
\@tempa=\box36
\@tempa=\box37
\@tempa=\box38
\@tempa=\box39
\@tempa=\box40
\@tempa=\box41
\@tempa=\box42
\@tempa=\box43
\@tempa=\box44
\@tempa=\box45
\@tempa=\box46
\@tempa=\box47
\@tempa=\box48
\@tempa=\box49
\c@columnbadness=\count96
\c@finalcolumnbadness=\count97
\last@try=\dimen109
\multicolovershoot=\dimen110
\multicolundershoot=\dimen111
\mult@nat@firstbox=\box50
\colbreak@box=\box51
)
\IndexMin=\dimen112
\c@IndexColumns=\count98
\GlossaryMin=\dimen113
\c@GlossaryColumns=\count99
\check@sum=\count100
\bslash@cnt=\count101
\wrong@table=\toks15
\c@CodelineNo=\count102
))
(/usr/share/texmf/tex/generic/babel/babel.sty
Package: babel 2001/03/01 v3.7h The Babel package

(/usr/share/texmf/tex/generic/babel/english.ldf
Language: english 2001/04/15 v3.3l English support from the babel system

(/usr/share/texmf/tex/generic/babel/babel.def
File: babel.def 2001/03/01 v3.7h Babel common definitions
\babel@savecnt=\count103
\U@D=\dimen114
)
\l@canadian = a dialect from \language\l@english 
)
(/usr/share/texmf/tex/generic/babel/ngermanb.ldf
Language: ngermanb 2001/02/06 v2.6m new German support from the babel system
\l@naustrian = a dialect from \language\l@ngerman 
Package babel Info: Making " an active character on input line 73.
)) (./strukdoc.sty
(/usr/share/texmf/tex/latex/oberdiek/ifpdf.sty
Package: ifpdf 2001/06/14 v1.0 Providing \ifpdf (HO)
Package ifpdf Info: pdfTeX in pdf mode not detected on input line 140.
)
Package: strukdoc 2005/05/17 v8.0f (Jobst Hoffmann)

(/usr/share/texmf/tex/latex/graphics/color.sty
Package: color 1999/02/16 v1.0i Standard LaTeX Color (DPC)

(/usr/share/texmf/tex/latex/config/color.cfg
File: color.cfg 2001/08/31 v1.1 color configuration of teTeX/TeXLive
)
Package color Info: Driver file: dvips.def on input line 125.

(/usr/share/texmf/tex/latex/graphics/dvips.def
File: dvips.def 1999/02/16 v3.0i Driver-dependant file (DPC,SPQR)
)
(/usr/share/texmf/tex/latex/graphics/dvipsnam.def
File: dvipsnam.def 1999/02/16 v3.0i Driver-dependant file (DPC,SPQR)
))
(/usr/share/texmf/tex/latex/hyperref/nameref.sty
Package: nameref 2001/01/27 v2.19 Cross-referencing by name of section
\c@section@level=\count104
)
(/usr/share/texmf/tex/latex/misc/url.sty
\Urlmuskip=\muskip10
Package: url 1999/03/28  ver 1.5x  Verb mode for urls, etc.
)
\c@tExample=\count105
\struktex@out=\write3
\verbatim@line=\toks16
\verbatim@in@stream=\read1
) (./struktex.sty
Package: struktex 2005/05/17 v8.0f Nassi Shneidermann Charts (Jobst Hoffmann)

(/usr/share/texmf/tex/latex/base/ifthen.sty
Package: ifthen 2001/05/26 v1.1c Standard LaTeX ifthen package (DPC)
) (./struktxf.sty
Package: struktxf 2005/05/17 v8.0f Fonts for Nassi Shneidermann Charts (Jobst H
offmann)
\symitalics=\mathgroup4
\symAMSb=\mathgroup5
) (./struktxp.sty
Package: struktxp 2005/05/17 v8.0f Keywords for Nassi Shneidermann Charts (Jobs
t Hoffmann)
)
(/usr/share/texmf/tex/latex/base/pict2e.sty

! Package pict2e Error: The package pict2e.sty will not be written
(pict2e)                by the LaTeX maintainers soon.

See the pict2e package documentation for explanation.
Type  H <return>  for immediate help.
 ...                                              
                                                  
l.37 ...contains suggested alternative solutions.}
                                                  
? 
)
\savelength@nss=\dimen115
\gx@nss=\count106
\gy@nss=\count107
\gsize@nss=\count108
\TextBox@nss=\box52
\TextBoxHt@nss=\dimen116
\descriptionindent=\skip47
\descriptionwidth=\skip48
\descriptionsep=\skip49
\descriptionwidth@nss=\skip50
\indentmeasure@nss=\dimen117
\indentmeasureright@nss=\dimen118
\thisindent@nss=\dimen119
\thisindentright@nss=\dimen120
\thislength@nss=\dimen121
\CenterBox@nss=\box53
)
Package doc Info: Made | a short reference for \verb on input line 818.
 (./struktex.aux)
\openout1 = `struktex.aux'.

LaTeX Font Info:    Checking defaults for OML/cmm/m/it on input line 826.
LaTeX Font Info:    ... okay on input line 826.
LaTeX Font Info:    Checking defaults for T1/cmr/m/n on input line 826.
LaTeX Font Info:    ... okay on input line 826.
LaTeX Font Info:    Checking defaults for OT1/cmr/m/n on input line 826.
LaTeX Font Info:    ... okay on input line 826.
LaTeX Font Info:    Checking defaults for OMS/cmsy/m/n on input line 826.
LaTeX Font Info:    ... okay on input line 826.
LaTeX Font Info:    Checking defaults for OMX/cmex/m/n on input line 826.
LaTeX Font Info:    ... okay on input line 826.
LaTeX Font Info:    Checking defaults for U/cmr/m/n on input line 826.
LaTeX Font Info:    ... okay on input line 826.
Package doc Info: | already a short reference for \verb on input line 826.
 (./struktex.dtx
LaTeX Font Info:    External font `cmex10' loaded for size
(Font)              <17.28> on input line 364.
LaTeX Font Info:    External font `cmex10' loaded for size
(Font)              <12> on input line 364.
LaTeX Font Info:    Try loading font information for U+msb on input line 364.

(/usr/share/texmf/tex/latex/amsfonts/umsb.fd
File: umsb.fd 2002/01/19 v2.2g AMS font definitions
)
LaTeX Font Info:    External font `cmex10' loaded for size
(Font)              <8> on input line 364.
LaTeX Font Info:    External font `cmex10' loaded for size
(Font)              <6> on input line 364.
LaTeX Font Info:    External font `cmex10' loaded for size
(Font)              <5> on input line 364.
LaTeX Font Info:    External font `cmex10' loaded for size
(Font)              <9> on input line 369.
 (./struktex.toc)
\tf@toc=\write4
\openout4 = `struktex.toc'.

LaTeX Font Info:    External font `cmex10' loaded for size
(Font)              <7> on input line 410.
 [1

]

LaTeX Warning: Citation `Futschek:Programmentwicklung' on page 2 undefined on i
nput line 485.


LaTeX Warning: Citation `GoossensMittelbachSamarin:Companion2' on page 2 undefi
ned on input line 513.

[2]
LaTeX Font Info:    Font shape `OT1/cmss/m/it' in size <10> not available
(Font)              Font shape `OT1/cmss/m/sl' tried instead on input line 672.



LaTeX Warning: Reference `sec:Makefile' on page 3 undefined on input line 674.


LaTeX Warning: Reference `sec:Makefile' on page 3 undefined on input line 685.


LaTeX Warning: Citation `FM:TheDocAndShortvrbPackages-V2.0' on page 3 undefined
 on input line 689.


LaTeX Warning: Citation `MittelbachDuchierBraams:DocStrip-V2.5b' on page 3 unde
fined on input line 690.


LaTeX Warning: Reference `sec:Makefile' on page 3 undefined on input line 740.


Overfull \hbox (28.93738pt too wide) in paragraph at lines 832--832
 [][]\OT1/cmtt/m/n/9 \usepackage{babel}                   % for switching the d
ocumentation language 
 []

[3]
Overfull \hbox (0.5877pt too wide) in paragraph at lines 832--832
 [][]\OT1/cmtt/m/n/9 \usepackage{strukdoc}                % the style-file for 
formatting this 
 []


Overfull \hbox (19.48749pt too wide) in paragraph at lines 832--832
 [][]                                     \OT1/cmtt/m/n/9 % curves or emlines2 
(visible only under 
 []


Overfull \hbox (14.76254pt too wide) in paragraph at lines 832--832
 [][]\OT1/cmtt/m/n/9 %\CodelineIndex      % say \CodelineIndex to index entry c
ode by line number 
 []


Overfull \hbox (19.48749pt too wide) in paragraph at lines 832--832
 [][]\OT1/cmtt/m/n/9 \OnlyDescription    % say \OnlyDescription to omit the imp
lementation details 
 []

[4]

LaTeX Warning: Marginpar on page 5 moved.


LaTeX Warning: Marginpar on page 5 moved.


LaTeX Warning: Marginpar on page 5 moved.


LaTeX Warning: Marginpar on page 5 moved.

\openout3 = `struktex.tmp'.


LaTeX Warning: Marginpar on page 5 moved.

(./struktex.tmp)
File: struktex.tmp  (verbatim)
\openout3 = `struktex.tmp'.

 (./struktex.tmp)
File: struktex.tmp  (verbatim)

Overfull \hbox (2.24455pt too wide) in paragraph at lines 973--973
[]\OT1/cmr/bx/n/12 Makros zur Dar-stel-lung von Va-ria-blen, Schl[]usselw[]orte
rn
 []

\openout3 = `struktex.tmp'.


Overfull \hbox (16.67946pt too wide) in paragraph at lines 975--1005
 \OT1/cmr/m/n/10 Mit []\OT1/cmtt/m/n/10 \pVariable{$\OMS/cmsy/m/n/10 h$[]\OT1/c
mr/m/it/10 Variablenname$\OMS/cmsy/m/n/10 i$[][]\OT1/cmtt/m/n/10 } \OT1/cmr/m/n
/10 wird ein Va-ria-blen-na-me ge-setzt. $\OMS/cmsy/m/n/10 h$[]\OT1/cmr/m/it/10
 Variablenname$\OMS/cmsy/m/n/10 i$
 []


LaTeX Warning: Marginpar on page 5 moved.


LaTeX Warning: Marginpar on page 5 moved.


LaTeX Warning: Marginpar on page 5 moved.


LaTeX Warning: Marginpar on page 5 moved.

(./struktex.tmp)
File: struktex.tmp  (verbatim)

Overfull \hbox (30.39758pt too wide) in paragraph at lines 1005--1005
[] \OT1/cmtt/m/n/9 \pVariable{zZeigerAufEineVariable^.sInhalt}[] 
 []

[5]
\openout3 = `struktex.tmp'.

 (./struktex.tmp)
File: struktex.tmp  (verbatim)
\openout3 = `struktex.tmp'.

File: struktex.tmp  (verbatim)
 (./struktex.tmp)
\openout3 = `struktex.tmp'.

File: struktex.tmp  (verbatim)
 (./struktex.tmp)

LaTeX Warning: Marginpar on page 6 moved.


LaTeX Warning: Marginpar on page 6 moved.

LaTeX Font Info:    Try loading font information for OMS+cmr on input line 1125
.
(/usr/share/texmf/tex/latex/base/omscmr.fd
File: omscmr.fd 1999/05/25 v2.5h Standard LaTeX font definitions
)
LaTeX Font Info:    Font shape `OMS/cmr/m/n' in size <10> not available
(Font)              Font shape `OMS/cmsy/m/n' tried instead on input line 1125.

\openout3 = `struktex.tmp'.

File: struktex.tmp  (verbatim)
 (./struktex.tmp) [6]
\openout3 = `struktex.tmp'.

File: struktex.tmp  (verbatim)

(./struktex.tmp)

LaTeX Warning: Marginpar on page 7 moved.


LaTeX Warning: Marginpar on page 7 moved.


LaTeX Warning: Marginpar on page 7 moved.


LaTeX Warning: Marginpar on page 7 moved.


LaTeX Warning: Marginpar on page 7 moved.


LaTeX Warning: Marginpar on page 7 moved.

[7]
\openout3 = `struktex.tmp'.

File: struktex.tmp  (verbatim)


LaTeX Warning: Reference `centernss' on page 8 undefined on input line 1344.

(./struktex.tmp
Overfull \hbox (0.56827pt too wide) in paragraph at lines 2--4
[] 
 []

)
\openout3 = `struktex.tmp'.

File: struktex.tmp  (verbatim)
 (./struktex.tmp
Overfull \hbox (0.56827pt too wide) in paragraph at lines 4--4
[][] 
 []

) [8]

LaTeX Warning: Marginpar on page 9 moved.


LaTeX Warning: Marginpar on page 9 moved.


LaTeX Warning: Marginpar on page 9 moved.


Overfull \hbox (0.65758pt too wide) in paragraph at lines 1585--1589
[][] 
 []

\openout3 = `struktex.tmp'.

File: struktex.tmp  (verbatim)
[9] (./struktex.tmp
LaTeX Font Info:    Try loading font information for OMS+cmss on input line 9.
LaTeX Font Info:    No file OMScmss.fd. on input line 9.


LaTeX Font Warning: Font shape `OMS/cmss/m/n' undefined
(Font)              using `OMS/cmsy/m/n' instead
(Font)              for symbol `textbraceleft' on input line 9.


Overfull \hbox (0.77121pt too wide) in paragraph at lines 10--10
[][] 
 []


Overfull \hbox (9.30124pt too wide) in paragraph at lines 2--11
[]$[]$ 
 []

)
\openout3 = `struktex.tmp'.

File: struktex.tmp  (verbatim)

Overfull \hbox (8.57135pt too wide) in paragraph at lines 1674--1674
 []             \OT1/cmtt/m/n/9 \description{\pVar{dVar}}{eine \pKey{double}-Va
riable,[] 
 []

[10] (./struktex.tmp
Overfull \hbox (0.77121pt too wide) in paragraph at lines 14--14
[][] 
 []


Overfull \hbox (9.30124pt too wide) in paragraph at lines 2--15
[]$[]$ 
 []

)
\openout3 = `struktex.tmp'.

File: struktex.tmp  (verbatim)

Overfull \hbox (22.74619pt too wide) in paragraph at lines 1715--1715
 []                 \OT1/cmtt/m/n/9 \description{\pVar{iVar_g}}{eine \pKey{int}
-Variable}[] 
 []

(./struktex.tmp
Overfull \hbox (0.77121pt too wide) in paragraph at lines 10--10
[][] 
 []


Overfull \hbox (9.30124pt too wide) in paragraph at lines 3--11
[]$[]$ 
 []

)

LaTeX Warning: Marginpar on page 11 moved.

\openout3 = `struktex.tmp'.

File: struktex.tmp  (verbatim)
[11] (./struktex.tmp
Overfull \hbox (0.77121pt too wide) in paragraph at lines 4--4
[][] 
 []


Overfull \hbox (9.30124pt too wide) in paragraph at lines 2--5
[]$[]$ 
 []

)

LaTeX Warning: Marginpar on page 12 moved.


LaTeX Warning: Marginpar on page 12 moved.


LaTeX Warning: Marginpar on page 12 moved.


LaTeX Warning: Marginpar on page 12 moved.


LaTeX Warning: Marginpar on page 12 moved.

\openout3 = `struktex.tmp'.

File: struktex.tmp  (verbatim)
[12] (./struktex.tmp
Overfull \hbox (0.77121pt too wide) in paragraph at lines 11--11
[][] 
 []


Overfull \hbox (9.30124pt too wide) in paragraph at lines 2--12
[]$[]$ 
 []

)

LaTeX Warning: Marginpar on page 13 moved.


LaTeX Warning: Marginpar on page 13 moved.

\openout3 = `struktex.tmp'.

[13]
File: struktex.tmp  (verbatim)
 (./struktex.tmp

! LaTeX Error: Bad \line or \vector argument.

See the LaTeX manual or LaTeX Companion for explanation.
Type  H <return>  for immediate help.
 ...                                              
                                                  
l.3 ...Drucker-Ausgabe gesetzt ?}{\sTrue}{\sFalse}
                                                  
? 

! LaTeX Error: Bad \line or \vector argument.

See the LaTeX manual or LaTeX Companion for explanation.
Type  H <return>  for immediate help.
 ...                                              
                                                  
l.3 ...Drucker-Ausgabe gesetzt ?}{\sTrue}{\sFalse}
                                                  
? 

! LaTeX Error: Bad \line or \vector argument.

See the LaTeX manual or LaTeX Companion for explanation.
Type  H <return>  for immediate help.
 ...                                              
                                                  
l.3 ...Drucker-Ausgabe gesetzt ?}{\sTrue}{\sFalse}
                                                  
? 

! LaTeX Error: Bad \line or \vector argument.

See the LaTeX manual or LaTeX Companion for explanation.
Type  H <return>  for immediate help.
 ...                                              
                                                  
l.3 ...Drucker-Ausgabe gesetzt ?}{\sTrue}{\sFalse}
                                                  
? 

Overfull \hbox (16.55559pt too wide) in paragraph at lines 3--3
[]\OT1/cmss/m/n/10 .0pt 
 []


Overfull \hbox (0.77121pt too wide) in paragraph at lines 8--8
[][] 
 []


Overfull \hbox (9.30124pt too wide) in paragraph at lines 2--9
[]$[]$ 
 []

)
\openout3 = `struktex.tmp'.

File: struktex.tmp  (verbatim)
 (./struktex.tmp

! LaTeX Error: Bad \line or \vector argument.

See the LaTeX manual or LaTeX Companion for explanation.
Type  H <return>  for immediate help.
 ...                                              
                                                  
l.3 ...Drucker-Ausgabe gesetzt ?}{\sTrue}{\sFalse}
                                                  
? 

! LaTeX Error: Bad \line or \vector argument.

See the LaTeX manual or LaTeX Companion for explanation.
Type  H <return>  for immediate help.
 ...                                              
                                                  
l.3 ...Drucker-Ausgabe gesetzt ?}{\sTrue}{\sFalse}
                                                  
? 

! LaTeX Error: Bad \line or \vector argument.

See the LaTeX manual or LaTeX Companion for explanation.
Type  H <return>  for immediate help.
 ...                                              
                                                  
l.3 ...Drucker-Ausgabe gesetzt ?}{\sTrue}{\sFalse}
                                                  
? 

! LaTeX Error: Bad \line or \vector argument.

See the LaTeX manual or LaTeX Companion for explanation.
Type  H <return>  for immediate help.
 ...                                              
                                                  
l.3 ...Drucker-Ausgabe gesetzt ?}{\sTrue}{\sFalse}
                                                  
? 

Overfull \hbox (16.55559pt too wide) in paragraph at lines 3--3
[]\OT1/cmss/m/n/10 .0pt 
 []


Overfull \hbox (0.73062pt too wide) in paragraph at lines 8--8
[][] 
 []

) [14]

LaTeX Warning: Marginpar on page 15 moved.


LaTeX Warning: Marginpar on page 15 moved.

\openout3 = `struktex.tmp'.

File: struktex.tmp  (verbatim)
[15] (./struktex.tmp

! LaTeX Error: Bad \line or \vector argument.

See the LaTeX manual or LaTeX Companion for explanation.
Type  H <return>  for immediate help.
 ...                                              
                                                  
l.2 %     \case{4}{3}{Signum(x)}{-1}
                                    
? 

! LaTeX Error: Bad \line or \vector argument.

See the LaTeX manual or LaTeX Companion for explanation.
Type  H <return>  for immediate help.
 ...                                              
                                                  
l.2 %     \case{4}{3}{Signum(x)}{-1}
                                    
? 
Missing character: There is no V in font line10!
! TeX capacity exceeded, sorry [main memory size=1000001].
<argument> ...\@upordown \@clnht \copy \@linechar 
                                                  \reserved@a \advance \@cln...
l.2 %     \case{4}{3}{Signum(x)}{-1}
                                    
If you really absolutely need more capacity,
you can ask a wizard to enlarge me.

 
Here is how much of TeX's memory you used:
 1731 strings out of 95370
 21435 string characters out of 1188185
 1000001 words of memory out of 1000001
 4716 multiletter control sequences out of 10000+50000
 16733 words of font info for 60 fonts, out of 500000 for 1000
 198 hyphenation exceptions out of 1000
 30i,12n,28p,258b,455s stack positions out of 1500i,500n,5000p,200000b,5000s
Output written on struktex.dvi (15 pages, 57080 bytes).
